This is pdfTeX, Version 3.141592653-2.6-1.40.29 (TeX Live 2026) (preloaded format=pdflatex)
 restricted \write18 enabled.
entering extended mode
(./main.tex
LaTeX2e <2026-06-01>
L3 programming layer <2026-05-26>
(/Users/tiarasabrina/Library/TinyTeX/texmf-dist/tex/latex/ieeetran/IEEEtran.cls
Document Class: IEEEtran 2015/08/26 V1.8b by Michael Shell
-- See the "IEEEtran_HOWTO" manual for usage information.
-- http://www.michaelshell.org/tex/ieeetran/
(/Users/tiarasabrina/Library/TinyTeX/texmf-dist/tex/latex/psnfss/ot1ptm.fd)
-- Using 8.5in x 11in (letter) paper.
-- Using PDF output.
-- This is a 10 point document.
) (/Users/tiarasabrina/Library/TinyTeX/texmf-dist/tex/latex/cite/cite.sty) (/Users/tiarasabrina/Library/TinyTeX/texmf-dist/tex/latex/amsmath/amsmath.sty
For additional information on amsmath, use the `?' option.
(/Users/tiarasabrina/Library/TinyTeX/texmf-dist/tex/latex/amsmath/amstext.sty (/Users/tiarasabrina/Library/TinyTeX/texmf-dist/tex/latex/amsmath/amsgen.sty)) (/Users/tiarasabrina/Library/TinyTeX/texmf-dist/tex/latex/amsmath/amsbsy.sty) (/Users/tiarasabrina/Library/TinyTeX/texmf-dist/tex/latex/amsmath/amsopn.sty)) (/Users/tiarasabrina/Library/TinyTeX/texmf-dist/tex/latex/amsfonts/amssymb.sty (/Users/tiarasabrina/Library/TinyTeX/texmf-dist/tex/latex/amsfonts/amsfonts.sty)) (/Users/tiarasabrina/Library/TinyTeX/texmf-dist/tex/latex/graphics/graphicx.sty (/Users/tiarasabrina/Library/TinyTeX/texmf-dist/tex/latex/graphics/keyval.sty) (/Users/tiarasabrina/Library/TinyTeX/texmf-dist/tex/latex/graphics/graphics.sty (/Users/tiarasabrina/Library/TinyTeX/texmf-dist/tex/latex/graphics/trig.sty) (/Users/tiarasabrina/Library/TinyTeX/texmf-dist/tex/latex/graphics-cfg/graphics.cfg) (/Users/tiarasabrina/Library/TinyTeX/texmf-dist/tex/latex/graphics-def/pdftex.def))) (/Users/tiarasabrina/Library/TinyTeX/texmf-dist/tex/latex/booktabs/booktabs.sty) (/Users/tiarasabrina/Library/TinyTeX/texmf-dist/tex/latex/l3backend/l3backend-pdftex.def) (./main.aux)
-- Lines per column: 56 (exact).
(/Users/tiarasabrina/Library/TinyTeX/texmf-dist/tex/context/base/mkii/supp-pdf.mkii
[Loading MPS to PDF converter (version 2006.09.02).]
) (/Users/tiarasabrina/Library/TinyTeX/texmf-dist/tex/latex/epstopdf-pkg/epstopdf-base.sty (/Users/tiarasabrina/Library/TinyTeX/texmf-dist/tex/latex/latexconfig/epstopdf-sys.cfg))
! Undefined control sequence.
\@author ...rblockN {Nama Penulis} \IEEEauthorblo 
                                                  √ckA{Telkom University}
l.14 \maketitle
               

! LaTeX Error: Unicode character √ (U+221A)
               not set up for use with LaTeX.

See the LaTeX manual or LaTeX Companion for explanation.
Type  H <return>  for immediate help.
 ...                                              
                                                  
l.14 \maketitle
               
! Undefined control sequence.
\@author ...rblockN {Nama Penulis} \IEEEauthorblo 
                                                  √ckA{Telkom University}
l.14 \maketitle
               

! LaTeX Error: Unicode character √ (U+221A)
               not set up for use with LaTeX.

See the LaTeX manual or LaTeX Companion for explanation.
Type  H <return>  for immediate help.
 ...                                              
                                                  
l.14 \maketitle
               
! Undefined control sequence.
\@author ...rblockN {Nama Penulis} \IEEEauthorblo 
                                                  √ckA{Telkom University}
l.14 \maketitle
               

! LaTeX Error: Unicode character √ (U+221A)
               not set up for use with LaTeX.

See the LaTeX manual or LaTeX Companion for explanation.
Type  H <return>  for immediate help.
 ...                                              
                                                  
l.14 \maketitle
               
(./sections/01_introduction.tex) (./sections/02_related_work.tex) (./sections/03_methodology.tex

LaTeX Warning: Citation `placeholder2024' on page 1 undefined on input line 2.

) (./sections/04_results.tex) (./sections/05_conclusion.tex) (./main.bbl

! LaTeX Error: Something's wrong--perhaps a missing \item.

See the LaTeX manual or LaTeX Companion for explanation.
Type  H <return>  for immediate help.
 ...                                              
                                                  
l.23 \end{thebibliography}
                          
)

** Conference Paper **
Before submitting the final camera ready copy, remember to:

 1. Manually equalize the lengths of two columns on the last page
 of your paper;

 2. Ensure that any PostScript and/or PDF output post-processing
 uses only Type 1 fonts and that every step in the generation
 process uses the appropriate paper size.

[1{/Users/tiarasabrina/Library/TinyTeX/texmf-var/fonts/map/pdftex/updmap/pdftex.map}{/Users/tiarasabrina/Library/TinyTeX/texmf-dist/fonts/enc/dvips/base/8r.enc}] (./main.aux)

LaTeX Warning: There were undefined references.

 )
(see the transcript file for additional information)</Users/tiarasabrina/Library/TinyTeX/texmf-dist/fonts/type1/urw/times/utmb8a.pfb></Users/tiarasabrina/Library/TinyTeX/texmf-dist/fonts/type1/urw/times/utmbi8a.pfb></Users/tiarasabrina/Library/TinyTeX/texmf-dist/fonts/type1/urw/times/utmr8a.pfb>
Output written on main.pdf (1 page, 37437 bytes).
Transcript written on main.log.
